2014-01-25 17:35:33,848 INFO  quartz.QuartzScheduleMgr (QuartzScheduleMgr.java:getScheduler(35)) - scheduler installing... ...
2014-01-25 17:35:33,881 INFO  impl.StdSchedulerFactory (StdSchedulerFactory.java:instantiate(1179)) - Using default implementation for ThreadExecutor
2014-01-25 17:35:33,916 INFO  core.SchedulerSignalerImpl (SchedulerSignalerImpl.java:<init>(60)) - Initialized Scheduler Signaller of type: class org.quartz.core.SchedulerSignalerImpl
2014-01-25 17:35:33,919 INFO  core.QuartzScheduler (QuartzScheduler.java:<init>(229)) - Quartz Scheduler v.1.8.6 created.
2014-01-25 17:35:33,921 INFO  simpl.RAMJobStore (RAMJobStore.java:initialize(139)) - RAMJobStore initialized.
2014-01-25 17:35:33,923 INFO  core.QuartzScheduler (QuartzScheduler.java:initialize(255)) - Scheduler meta-data: Quartz Scheduler (v1.8.6) 'importData_Scheduler' with instanceId 'kang-PC1390642533895'
  Scheduler class: 'org.quartz.core.QuartzScheduler' - running locally.
  NOT STARTED.
  Currently in standby mode.
  Number of jobs executed: 0
  Using thread pool 'org.quartz.simpl.SimpleThreadPool' - with 5 threads.
  Using job-store 'org.quartz.simpl.RAMJobStore' - which does not support persistence. and is not clustered.

2014-01-25 17:35:33,924 INFO  impl.StdSchedulerFactory (StdSchedulerFactory.java:instantiate(1324)) - Quartz scheduler 'importData_Scheduler' initialized from default resource file in Quartz package: 'quartz.properties'
2014-01-25 17:35:33,925 INFO  impl.StdSchedulerFactory (StdSchedulerFactory.java:instantiate(1328)) - Quartz scheduler version: 1.8.6
2014-01-25 17:35:33,925 INFO  quartz.QuartzScheduleMgr (QuartzScheduleMgr.java:getScheduler(37)) - scheduler installed. 
2014-01-25 17:35:33,927 INFO  Launcher (Launcher.java:createJob(57)) - 開始新建並提交jobcom.kangfoo.study.pm25.import2local.ImportDataJob
2014-01-25 17:35:33,930 INFO  quartz.SubmitJobUtils (SubmitJobUtils.java:submit(29)) - ------- Initializing ----------------------
2014-01-25 17:35:33,930 INFO  quartz.SubmitJobUtils (SubmitJobUtils.java:submit(32)) - ------- Initialization Complete -----------
2014-01-25 17:35:33,950 INFO  quartz.SubmitJobUtils (SubmitJobUtils.java:submit(38)) - kang-PC1390642533895.job_GetPM25Data2LogFile has been scheduled to run at: Sat Jan 25 18:22:00 CST 2014 and repeat based on expression: 0 22 */1 * * ?
2014-01-25 17:35:33,950 INFO  Launcher (Launcher.java:createJob(64)) - 結束提交com.kangfoo.study.pm25.import2local.ImportDataJob
2014-01-25 17:35:33,952 INFO  core.QuartzScheduler (QuartzScheduler.java:start(519)) - Scheduler importData_Scheduler_$_kang-PC1390642533895 started.
